<?xml version="1.0" encoding="UTF-8"?>
<testsuite xmlns:xsi="http://www.w3.org/2001/XMLSchema-instance" xsi:noNamespaceSchemaLocation="https://maven.apache.org/surefire/maven-surefire-plugin/xsd/surefire-test-report.xsd" version="3.0.2" name="com.prekdu.LibraryManagementSystemTest" time="0.095" tests="9" errors="0" skipped="0" failures="0">
  <properties>
[...]
</properties>
  <testcase name="testBorrowAndReturn" classname="com.prekdu.LibraryManagementSystemTest" time="0.035">
    <system-out><![CDATA[B001 borrowed by: STD001
B001returned by: STD001
]]></system-out>
  </testcase>
  <testcase name="testBookReservation" classname="com.prekdu.LibraryManagementSystemTest" time="0.002">
    <system-out><![CDATA[B001 borrowed by: STD001
Book reserved by member: STD002
BOOK is Reserved by Another member
]]></system-out>
  </testcase>
  <testcase name="testBookLateFeeCalculation" classname="com.prekdu.LibraryManagementSystemTest" time="0.001"/>
  <testcase name="testInvalidReservation" classname="com.prekdu.LibraryManagementSystemTest" time="0.003">
    <system-out><![CDATA[Book reserved by member: STD002
]]></system-out>
  </testcase>
  <testcase name="testStandardMemberBorrowLimit" classname="com.prekdu.LibraryManagementSystemTest" time="0.005">
    <system-out><![CDATA[B000 borrowed by: STD001
B001 borrowed by: STD001
B002 borrowed by: STD001
B003 borrowed by: STD001
B004 borrowed by: STD001
]]></system-out>
  </testcase>
  <testcase name="testPremiumMemberBorrowLimit" classname="com.prekdu.LibraryManagementSystemTest" time="0.003">
    <system-out><![CDATA[B000 borrowed by: PRE001
B001 borrowed by: PRE001
B002 borrowed by: PRE001
B003 borrowed by: PRE001
B004 borrowed by: PRE001
B005 borrowed by: PRE001
B006 borrowed by: PRE001
B007 borrowed by: PRE001
B008 borrowed by: PRE001
B009 borrowed by: PRE001
]]></system-out>
  </testcase>
  <testcase name="testResourceAvailability" classname="com.prekdu.LibraryManagementSystemTest" time="0.005">
    <system-out><![CDATA[B001 borrowed by: STD001
]]></system-out>
  </testcase>
  <testcase name="testDigitalContentLateFeeCalculation" classname="com.prekdu.LibraryManagementSystemTest" time="0.001"/>
  <testcase name="testDigitalContentRenewal" classname="com.prekdu.LibraryManagementSystemTest" time="0.003">
    <system-out><![CDATA[D001 borrowed by: STD001
Periodical renewed by: STD001
]]></system-out>
  </testcase>
</testsuite>